<?xml version="1.0" encoding="UTF-8"?>
<testng-results ignored="0" total="1" passed="1" failed="0" skipped="0">
  <reporter-output>
  </reporter-output>
  <suite started-at="2022-07-31T01:22:26 AST" name="Default suite" finished-at="2022-07-31T01:22:34 AST" duration-ms="8583">
    <groups>
    </groups>
    <test started-at="2022-07-31T01:22:26 AST" name="Default test" finished-at="2022-07-31T01:22:34 AST" duration-ms="8583">
      <class name="ass4ApplyingPrecedingaxesmethod.ChromWebDriverFollowingMethod">
        <test-method is-config="true" signature="setUp()[pri:0, instance:ass4ApplyingPrecedingaxesmethod.ChromWebDriverFollowingMethod@7880cdf3]" started-at="2022-07-31T01:22:26 AST" name="setUp" finished-at="2022-07-31T01:22:34 AST" duration-ms="7875" status="PASS">
          <reporter-output>
          </reporter-output>
        </test-method> <!-- setUp -->
        <test-method signature="LearnEnglishWebSite()[pri:0, instance:ass4ApplyingPrecedingaxesmethod.ChromWebDriverFollowingMethod@7880cdf3]" started-at="2022-07-31T01:22:34 AST" name="LearnEnglishWebSite" finished-at="2022-07-31T01:22:34 AST" duration-ms="282" status="PASS">
          <reporter-output>
          </reporter-output>
        </test-method> <!-- LearnEnglishWebSite -->
        <test-method is-config="true" signature="terminateBrowser()[pri:0, instance:ass4ApplyingPrecedingaxesmethod.ChromWebDriverFollowingMethod@7880cdf3]" started-at="2022-07-31T01:22:34 AST" name="terminateBrowser" finished-at="2022-07-31T01:22:34 AST" duration-ms="361" status="PASS">
          <reporter-output>
          </reporter-output>
        </test-method> <!-- terminateBrowser -->
      </class> <!-- ass4ApplyingPrecedingaxesmethod.ChromWebDriverFollowingMethod -->
    </test> <!-- Default test -->
  </suite> <!-- Default suite -->
</testng-results>
